
Showing logs for build [32mcb-kubecd-environment-pr-1451-5-58njg-1[0m stage [32mfrom-build-pack[0m and container [32mstep-credential-initializer-jrdhc[0m
{"level":"info","ts":1588006726.76376,"logger":"fallback-logger","caller":"logging/config.go:69","msg":"Fetch GitHub commit ID from kodata failed: open /var/run/ko/refs/heads/0.8.0-ns-support: no such file or directory"}
{"level":"info","ts":1588006726.7642567,"logger":"fallback-logger","caller":"creds-init/main.go:40","msg":"Credentials initialized."}

Showing logs for build [32mcb-kubecd-environment-pr-1451-5-58njg-1[0m stage [32mfrom-build-pack[0m and container [32mstep-working-dir-initializer-4sfcg[0m
{"level":"info","ts":1588006728.1322703,"logger":"fallback-logger","caller":"logging/config.go:69","msg":"Fetch GitHub commit ID from kodata failed: open /var/run/ko/HEAD: no such file or directory"}
{"level":"info","ts":1588006728.134312,"logger":"fallback-logger","caller":"bash/main.go:64","msg":"Successfully executed command \"sh -c mkdir -p /workspace/source\"; output "}

Showing logs for build [32mcb-kubecd-environment-pr-1451-5-58njg-1[0m stage [32mfrom-build-pack[0m and container [32mstep-place-tools[0m

Showing logs for build [32mcb-kubecd-environment-pr-1451-5-58njg-1[0m stage [32mfrom-build-pack[0m and container [32mstep-git-source-cb-kubecd-environment-pr-1451-5-58njg-wh6fj[0m
{"level":"info","ts":1588006732.224007,"logger":"fallback-logger","caller":"logging/config.go:69","msg":"Fetch GitHub commit ID from kodata failed: open /var/run/ko/refs/heads/0.8.0-ns-support: no such file or directory"}
{"level":"info","ts":1588006733.2968473,"logger":"fallback-logger","caller":"git/git.go:103","msg":"Successfully cloned https://github.com/cb-kubecd/environment-pr-1451-5-bdd-frontend-staging.git @ master in path /workspace/source"}

Showing logs for build [32mcb-kubecd-environment-pr-1451-5-58njg-1[0m stage [32mfrom-build-pack[0m and container [32mstep-git-merge[0m
Using SHAs from PULL_REFS=master:6b7dafd9194ec6deef4a121ebe56b11b2b065dfb,1:260a3a747299704c8ef6e978adba9e4504bfd8e2
DEBUG: LC_ALL=C JX_LOG_LEVEL=error git fetch origin --unshallow 260a3a747299704c8ef6e978adba9e4504bfd8e2: 6b7dafd9194ec6deef4a121ebe56b11b2b065dfb:
DEBUG: ran git fetch --unshallow origin 260a3a747299704c8ef6e978adba9e4504bfd8e2: 6b7dafd9194ec6deef4a121ebe56b11b2b065dfb: in 
DEBUG: LC_ALL=C JX_LOG_LEVEL=error git branch
DEBUG: LC_ALL=C JX_LOG_LEVEL=error git checkout master
DEBUG: ran git checkout master in 
DEBUG: LC_ALL=C JX_LOG_LEVEL=error git reset --hard 6b7dafd9194ec6deef4a121ebe56b11b2b065dfb
DEBUG: ran git reset --hard 6b7dafd9194ec6deef4a121ebe56b11b2b065dfb in 
DEBUG: LC_ALL=C JX_LOG_LEVEL=error git clean -fd .
DEBUG: ran clean --force -d . in 
DEBUG: LC_ALL=C JX_LOG_LEVEL=error git merge 260a3a747299704c8ef6e978adba9e4504bfd8e2
DEBUG: ran git merge 260a3a747299704c8ef6e978adba9e4504bfd8e2 in 
DEBUG: LC_ALL=C JX_LOG_LEVEL=error git log --format=%H%x1f%an%x1f%ae%x1f%cn%x1f%ce%x1f%s%n%b%x1e 6b7dafd9194ec6deef4a121ebe56b11b2b065dfb..HEAD
Merged SHA 260a3a747299704c8ef6e978adba9e4504bfd8e2 with commit message 'chore: Promote bdd-nh-1588005694 to version 0.0.1' into base branch master

Showing logs for build [32mcb-kubecd-environment-pr-1451-5-58njg-1[0m stage [32mfrom-build-pack[0m and container [32mstep-build-helm-build[0m
WARNING: No $CHART_REPOSITORY defined so using the default value of: http://jenkins-x-chartmuseum:8080
Adding missing Helm repo: storage.googleapis.com https://storage.googleapis.com/chartmuseum.jenkins-x.io
WARNING: No secrets found on "helm/repos" due: reading the secret "helm/repos" from vault: no secret "helm/repos" not found in vault
Read credentials for https://storage.googleapis.com/chartmuseum.jenkins-x.io from vault helm/repos
Successfully added Helm repository storage.googleapis.com.
Adding missing Helm repo: jenkins-x-chartmuseum http://jenkins-x-chartmuseum:8080
WARNING: No secrets found on "helm/repos" due: reading the secret "helm/repos" from vault: no secret "helm/repos" not found in vault
Read credentials for http://jenkins-x-chartmuseum:8080 from vault helm/repos
Successfully added Helm repository jenkins-x-chartmuseum.
WARNING: No $CHART_REPOSITORY defined so using the default value of: http://jenkins-x-chartmuseum:8080
Adding missing Helm repo: chartmuseum.jenkins-x.io http://chartmuseum.jenkins-x.io
WARNING: No secrets found on "helm/repos" due: reading the secret "helm/repos" from vault: no secret "helm/repos" not found in vault
Read credentials for http://chartmuseum.jenkins-x.io from vault helm/repos
Successfully added Helm repository chartmuseum.jenkins-x.io.
